{
  "RSpec": {
    "coverage": {
      "/Users/Osnaya/Documents/Projects/Github/Personal/PokeQuiz/spec/support/factory_bot.rb": {
        "lines": [
          1,
          1,
          null
        ]
      },
      "/Users/Osnaya/Documents/Projects/Github/Personal/PokeQuiz/app/models/game.rb": {
        "lines": [
          1,
          1,
          1,
          null
        ]
      },
      "/Users/Osnaya/Documents/Projects/Github/Personal/PokeQuiz/spec/models/quiz_spec.rb": {
        "lines": [
          1,
          null,
          1,
          1,
          2,
          null,
          null,
          1,
          2,
          2,
          2,
          2,
          2,
          2,
          2,
          null,
          null
        ]
      },
      "/Users/Osnaya/Documents/Projects/Github/Personal/PokeQuiz/app/models/quiz.rb": {
        "lines": [
          1,
          1,
          null
        ]
      },
      "/Users/Osnaya/Documents/Projects/Github/Personal/PokeQuiz/spec/models/user_spec.rb": {
        "lines": [
          1,
          null,
          1,
          9,
          null,
          1,
          1,
          1,
          1,
          null,
          1,
          1,
          1,
          1,
          null,
          null,
          1,
          1,
          1,
          1,
          1,
          null,
          null,
          1,
          1,
          1,
          1,
          null,
          null,
          1,
          1,
          1,
          1,
          null,
          null,
          1,
          1,
          1,
          1,
          null,
          null,
          1,
          1,
          1,
          1,
          null,
          null,
          1,
          1,
          1,
          1,
          null,
          null,
          1,
          2,
          2,
          2,
          2,
          2,
          2,
          null,
          null,
          1,
          2,
          2,
          2,
          null,
          null,
          1,
          2,
          null,
          null,
          1,
          2,
          2,
          null,
          1,
          3,
          null,
          2,
          2,
          null,
          null,
          null
        ]
      },
      "/Users/Osnaya/Documents/Projects/Github/Personal/PokeQuiz/spec/requests/results/index_spec.rb": {
        "lines": [
          1,
          null,
          1,
          3,
          3,
          3,
          null,
          1,
          3,
          null,
          1,
          3,
          null,
          1,
          1,
          1,
          null,
          null,
          1,
          1,
          1,
          1,
          1,
          1,
          1,
          1,
          1,
          1,
          1,
          1,
          1,
          1,
          null,
          null,
          null,
          null
        ]
      },
      "/Users/Osnaya/Documents/Projects/Github/Personal/PokeQuiz/spec/requests/sessions/authentication_spec.rb": {
        "lines": [
          1,
          null,
          1,
          1,
          3,
          null,
          1,
          1,
          1,
          null,
          null,
          null,
          null,
          null,
          null,
          1,
          null,
          null,
          null,
          1,
          1,
          1,
          null,
          null,
          null,
          null,
          null,
          null,
          1,
          null,
          null,
          null,
          null
        ]
      },
      "/Users/Osnaya/Documents/Projects/Github/Personal/PokeQuiz/spec/requests/sessions/registrations_spec.rb": {
        "lines": [
          1,
          null,
          1,
          1,
          1,
          null,
          1,
          null,
          null,
          null,
          null,
          null,
          null,
          null,
          1,
          null,
          1,
          null,
          null,
          null,
          null,
          null,
          null,
          null,
          1,
          1,
          1,
          null,
          1,
          1,
          null,
          null,
          null,
          null,
          null,
          null,
          null,
          null,
          null,
          null,
          1,
          1,
          1,
          null,
          null,
          1,
          1,
          null,
          1,
          1,
          null,
          null,
          null,
          null,
          null,
          null,
          null,
          null,
          null,
          null,
          null,
          null
        ]
      },
      "/Users/Osnaya/Documents/Projects/Github/Personal/PokeQuiz/spec/services/quizzes/creation_service_spec.rb": {
        "lines": [
          1,
          null,
          1,
          7,
          7,
          7,
          7,
          null,
          7,
          null,
          1,
          1,
          1,
          1,
          1,
          null,
          null,
          null,
          1,
          1,
          1,
          1,
          null,
          null,
          1,
          1,
          null,
          null,
          null,
          1,
          1,
          2,
          null,
          null,
          1,
          1,
          1,
          null,
          null,
          null,
          1,
          1,
          null,
          null,
          null,
          1,
          1,
          1,
          null,
          null,
          1,
          1,
          1,
          null,
          null,
          null,
          null
        ]
      },
      "/Users/Osnaya/Documents/Projects/Github/Personal/PokeQuiz/app/services/quizzes/creation_service.rb": {
        "lines": [
          1,
          1,
          1,
          null,
          1,
          6,
          6,
          6,
          6,
          null,
          null,
          1,
          6,
          6,
          null,
          null,
          null,
          null,
          null,
          5,
          null,
          5,
          3,
          null,
          2,
          null,
          null,
          null,
          1,
          1,
          null,
          null,
          1,
          null,
          1,
          6,
          null,
          null,
          null
        ]
      },
      "/Users/Osnaya/Documents/Projects/Github/Personal/PokeQuiz/spec/services/quizzes/generate_questions_service_spec.rb": {
        "lines": [
          1,
          null,
          1,
          7,
          null,
          1,
          1,
          1,
          null,
          1,
          null,
          null,
          null,
          null,
          null,
          null,
          2,
          null,
          1,
          1,
          1,
          1,
          null,
          null,
          1,
          1,
          null,
          1,
          null,
          null,
          null,
          null,
          null,
          null,
          null,
          null,
          1,
          1,
          1,
          null,
          null,
          1,
          1,
          1,
          null,
          null,
          null,
          1,
          1,
          null,
          1,
          null,
          null,
          null,
          null,
          1,
          1,
          null,
          null,
          1,
          1,
          1,
          null,
          null,
          null,
          1,
          1,
          1,
          1,
          null,
          null,
          1,
          1,
          1,
          null,
          null,
          null,
          1,
          1,
          1,
          null,
          null,
          1,
          1,
          1,
          null,
          null,
          null,
          1,
          1,
          1,
          null,
          null,
          1,
          1,
          1,
          null,
          null,
          null,
          null
        ]
      },
      "/Users/Osnaya/Documents/Projects/Github/Personal/PokeQuiz/app/services/quizzes/generate_questions_service.rb": {
        "lines": [
          1,
          1,
          1,
          1,
          null,
          1,
          6,
          null,
          null,
          5,
          null,
          null,
          null,
          null,
          null,
          5,
          null,
          null,
          1,
          null,
          1,
          2,
          2,
          2,
          2,
          null,
          0,
          null,
          0,
          null,
          null,
          1,
          5,
          5,
          60,
          null,
          4,
          3,
          null,
          1,
          null,
          null,
          2,
          null,
          null,
          1,
          3,
          2,
          null,
          2,
          0,
          null,
          null,
          2,
          null,
          1,
          null,
          null,
          1,
          1,
          1,
          1,
          null,
          0,
          null,
          0,
          null,
          null,
          1,
          0,
          0,
          0,
          null,
          0,
          null,
          0,
          null,
          null,
          1,
          5,
          5,
          null,
          null,
          null
        ]
      },
      "/Users/Osnaya/Documents/Projects/Github/Personal/PokeQuiz/app/controllers/api/results_controller.rb": {
        "lines": [
          1,
          1,
          3,
          3,
          null,
          0,
          null,
          null
        ]
      },
      "/Users/Osnaya/Documents/Projects/Github/Personal/PokeQuiz/app/controllers/application_controller.rb": {
        "lines": [
          1,
          1,
          1,
          1,
          1,
          null,
          1,
          1,
          null,
          null,
          1,
          3,
          null,
          3,
          null,
          null,
          1,
          null,
          1,
          6,
          null,
          null,
          1,
          0,
          null,
          null
        ]
      },
      "/Users/Osnaya/Documents/Projects/Github/Personal/PokeQuiz/app/controllers/concerns/api/errors_handler.rb": {
        "lines": [
          null,
          null,
          1,
          1,
          1,
          null,
          1,
          1,
          1,
          1,
          null,
          1,
          null,
          null,
          null,
          null,
          null,
          null,
          null,
          null,
          null,
          null,
          null
        ]
      },
      "/Users/Osnaya/Documents/Projects/Github/Personal/PokeQuiz/app/controllers/api/authentication_controller.rb": {
        "lines": [
          1,
          1,
          1,
          1,
          1,
          null,
          1,
          null,
          1,
          1,
          1,
          null,
          null,
          null,
          null,
          null,
          null,
          0,
          null,
          null,
          null,
          1,
          0,
          null,
          null,
          1,
          1,
          null,
          null,
          null
        ]
      },
      "/Users/Osnaya/Documents/Projects/Github/Personal/PokeQuiz/app/controllers/api/registrations_controller.rb": {
        "lines": [
          null,
          null,
          1,
          1,
          1,
          null,
          1,
          2,
          2,
          null,
          1,
          null,
          null,
          1,
          2,
          null,
          null,
          null,
          null,
          null,
          null,
          1,
          1,
          null,
          null,
          null
        ]
      }
    },
    "timestamp": 1723698277
  }
}
